c:\users\dasha\yandexdisk\opengl\windows\t08opengl\t08opengl\x64\debug\vc143.pdb
c:\users\dasha\yandexdisk\opengl\windows\t08opengl\t08opengl\x64\debug\vc143.idb
c:\users\dasha\yandexdisk\opengl\windows\t08opengl\t08opengl\x64\debug\main.obj
c:\users\dasha\yandexdisk\opengl\windows\t08opengl\t08opengl\x64\debug\rnddata.obj
c:\users\dasha\yandexdisk\opengl\windows\t08opengl\t08opengl\x64\debug\rndbase.obj
c:\users\dasha\yandexdisk\opengl\windows\t08opengl\t08opengl\x64\debug\prim.obj
c:\users\dasha\yandexdisk\opengl\windows\t08opengl\t08opengl\x64\debug\anim.obj
c:\users\dasha\yandexdisk\opengl\windows\t08opengl\t08opengl\x64\debug\t07opengl.ilk
c:\users\dasha\yandexdisk\opengl\windows\t08opengl\x64\debug\t07opengl.exe
c:\users\dasha\yandexdisk\opengl\windows\t08opengl\x64\debug\t07opengl.pdb
c:\users\dasha\yandexdisk\opengl\windows\t08opengl\t08opengl\x64\debug\t08opengl.res
c:\users\dasha\yandexdisk\opengl\windows\t08opengl\t08opengl\x64\debug\t07opengl.tlog\cl.command.1.tlog
c:\users\dasha\yandexdisk\opengl\windows\t08opengl\t08opengl\x64\debug\t07opengl.tlog\cl.read.1.tlog
c:\users\dasha\yandexdisk\opengl\windows\t08opengl\t08opengl\x64\debug\t07opengl.tlog\cl.write.1.tlog
c:\users\dasha\yandexdisk\opengl\windows\t08opengl\t08opengl\x64\debug\t07opengl.tlog\link.command.1.tlog
c:\users\dasha\yandexdisk\opengl\windows\t08opengl\t08opengl\x64\debug\t07opengl.tlog\link.read.1.tlog
c:\users\dasha\yandexdisk\opengl\windows\t08opengl\t08opengl\x64\debug\t07opengl.tlog\link.write.1.tlog
c:\users\dasha\yandexdisk\opengl\windows\t08opengl\t08opengl\x64\debug\t07opengl.tlog\rc.command.1.tlog
c:\users\dasha\yandexdisk\opengl\windows\t08opengl\t08opengl\x64\debug\t07opengl.tlog\rc.read.1.tlog
c:\users\dasha\yandexdisk\opengl\windows\t08opengl\t08opengl\x64\debug\t07opengl.tlog\rc.write.1.tlog
